2025-12-07 22:53:28,753 - selector_events.py:54 - DEBUG - Using selector: EpollSelector
2025-12-07 22:53:39,101 - main.py:65 - INFO - collecting info by car brand
2025-12-07 22:53:39,141 - main.py:70 - INFO - total len of brands found: 328
2025-12-07 22:53:40,508 - main.py:89 - INFO - brand name: ABARTH
2025-12-07 22:53:41,347 - main.py:104 - INFO - search years
2025-12-07 22:53:41,362 - main.py:109 - INFO - yearsdivs len: 20
2025-12-07 22:53:41,404 - main.py:123 - INFO - year: 1969, div_id: nav[330]
2025-12-07 22:53:41,441 - main.py:123 - INFO - year: 1968, div_id: nav[331]
2025-12-07 22:53:41,487 - main.py:123 - INFO - year: 1967, div_id: nav[332]
2025-12-07 22:53:41,522 - main.py:123 - INFO - year: 1966, div_id: nav[333]
2025-12-07 22:53:41,556 - main.py:123 - INFO - year: 1965, div_id: nav[334]
2025-12-07 22:53:41,602 - main.py:123 - INFO - year: 1964, div_id: nav[335]
2025-12-07 22:53:41,644 - main.py:123 - INFO - year: 1963, div_id: nav[336]
2025-12-07 22:53:41,686 - main.py:123 - INFO - year: 1962, div_id: nav[337]
2025-12-07 22:53:41,724 - main.py:123 - INFO - year: 1961, div_id: nav[338]
2025-12-07 22:53:41,759 - main.py:123 - INFO - year: 1960, div_id: nav[339]
2025-12-07 22:53:41,798 - main.py:123 - INFO - year: 1959, div_id: nav[340]
2025-12-07 22:53:41,841 - main.py:123 - INFO - year: 1958, div_id: nav[341]
2025-12-07 22:53:41,872 - main.py:123 - INFO - year: 1957, div_id: nav[342]
2025-12-07 22:53:41,906 - main.py:123 - INFO - year: 1956, div_id: nav[343]
2025-12-07 22:53:41,940 - main.py:123 - INFO - year: 1955, div_id: nav[344]
2025-12-07 22:53:41,977 - main.py:123 - INFO - year: 1954, div_id: nav[345]
2025-12-07 22:53:42,015 - main.py:123 - INFO - year: 1953, div_id: nav[346]
2025-12-07 22:53:42,056 - main.py:123 - INFO - year: 1952, div_id: nav[347]
2025-12-07 22:53:42,096 - main.py:123 - INFO - year: 1951, div_id: nav[348]
2025-12-07 22:53:42,137 - main.py:123 - INFO - year: 1950, div_id: nav[349]
2025-12-07 22:53:43,225 - main.py:146 - INFO - clicked year
2025-12-07 22:53:43,838 - main.py:158 - INFO - found 4 models
2025-12-07 22:53:43,848 - main.py:172 - INFO - added model: 1000, id: nav[351]
2025-12-07 22:53:43,860 - main.py:172 - INFO - added model: 1300, id: nav[352]
2025-12-07 22:53:43,877 - main.py:172 - INFO - added model: 2000, id: nav[353]
2025-12-07 22:53:43,897 - main.py:172 - INFO - added model: SIMCA, id: nav[354]
2025-12-07 22:53:43,897 - main.py:178 - INFO - processing model: 1000
2025-12-07 22:53:45,565 - main.py:205 - INFO - processing submodels
2025-12-07 22:53:45,571 - main.py:210 - INFO - found 1 submodels
2025-12-07 22:53:45,605 - main.py:219 - INFO - found submodel: 982cc L4, id: nav[356]
2025-12-07 22:53:45,606 - main.py:230 - INFO - clicking submodel: 982cc L4
2025-12-07 22:53:47,088 - main.py:247 - INFO - Parts loaded for 982cc L4
2025-12-07 22:53:47,179 - main.py:283 - INFO - locating and clicking category Brake & Wheel Hub with the id of nav[358]
2025-12-07 22:53:48,184 - main.py:295 - INFO - actually clicking for a category icon of Brake & Wheel Hub of category div element nav[358]
2025-12-07 22:53:48,989 - main.py:302 - INFO - Parts loaded for Brake & Wheel Hub
2025-12-07 22:53:49,027 - main.py:337 - INFO - working with subcategory Brake Pad with div id nav[367]
2025-12-07 22:53:50,036 - main.py:348 - INFO - actually clicking subcategory
2025-12-07 22:53:51,381 - main.py:354 - INFO - Parts loaded for Brake & Wheel Hub
2025-12-07 22:53:51,381 - main.py:337 - INFO - working with subcategory Rotor with div id nav[368]
2025-12-07 22:53:52,387 - main.py:348 - INFO - actually clicking subcategory
2025-12-07 22:53:53,098 - main.py:354 - INFO - Parts loaded for Brake & Wheel Hub
2025-12-07 22:53:53,099 - main.py:337 - INFO - working with subcategory Wheel Bearing & Hub with div id nav[369]
2025-12-07 22:53:54,106 - main.py:348 - INFO - actually clicking subcategory
2025-12-07 22:53:55,204 - main.py:354 - INFO - Parts loaded for Brake & Wheel Hub
2025-12-07 22:53:55,205 - main.py:283 - INFO - locating and clicking category Cooling System with the id of nav[359]
2025-12-07 22:53:56,210 - main.py:295 - INFO - actually clicking for a category icon of Cooling System of category div element nav[359]
2025-12-07 22:53:56,934 - main.py:302 - INFO - Parts loaded for Cooling System
2025-12-07 22:53:56,974 - main.py:337 - INFO - working with subcategory Coolant / Antifreeze with div id nav[383]
2025-12-07 22:53:57,981 - main.py:348 - INFO - actually clicking subcategory
2025-12-07 22:54:00,697 - main.py:354 - INFO - Parts loaded for Cooling System
2025-12-07 22:54:00,698 - main.py:337 - INFO - working with subcategory Cooling Fan Control Module with div id nav[384]
2025-12-07 22:54:01,705 - main.py:348 - INFO - actually clicking subcategory
2025-12-07 22:54:04,090 - main.py:354 - INFO - Parts loaded for Cooling System
2025-12-07 22:54:04,090 - main.py:283 - INFO - locating and clicking category Electrical-Bulb & Socket with the id of nav[360]
2025-12-07 22:54:05,099 - main.py:295 - INFO - actually clicking for a category icon of Electrical-Bulb & Socket of category div element nav[360]
2025-12-07 22:54:05,889 - main.py:302 - INFO - Parts loaded for Electrical-Bulb & Socket
2025-12-07 22:54:05,925 - main.py:337 - INFO - working with subcategory Headlamp Bulb with div id nav[398]
2025-12-07 22:54:06,934 - main.py:348 - INFO - actually clicking subcategory
2025-12-07 22:54:07,536 - main.py:354 - INFO - Parts loaded for Electrical-Bulb & Socket
2025-12-07 22:54:07,537 - main.py:337 - INFO - working with subcategory Headlamp Socket with div id nav[399]
2025-12-07 22:54:08,557 - main.py:348 - INFO - actually clicking subcategory
2025-12-07 22:54:09,309 - main.py:354 - INFO - Parts loaded for Electrical-Bulb & Socket
2025-12-07 22:54:09,309 - main.py:283 - INFO - locating and clicking category Electrical-Connector with the id of nav[361]
2025-12-07 22:54:10,322 - main.py:295 - INFO - actually clicking for a category icon of Electrical-Connector of category div element nav[361]
2025-12-07 22:54:12,025 - main.py:302 - INFO - Parts loaded for Electrical-Connector
2025-12-07 22:54:12,091 - main.py:337 - INFO - working with subcategory Ignition Condenser / Capacitor Connector with div id nav[409]
2025-12-07 22:54:13,387 - main.py:354 - INFO - Parts loaded for Electrical-Connector
2025-12-07 22:54:13,387 - main.py:283 - INFO - locating and clicking category Engine with the id of nav[362]
2025-12-07 22:54:14,396 - main.py:295 - INFO - actually clicking for a category icon of Engine of category div element nav[362]
2025-12-07 22:54:15,176 - main.py:302 - INFO - Parts loaded for Engine
2025-12-07 22:54:15,281 - main.py:337 - INFO - working with subcategory Camshaft with div id nav[415]
2025-12-07 22:54:16,288 - main.py:348 - INFO - actually clicking subcategory
2025-12-07 22:54:17,089 - main.py:354 - INFO - Parts loaded for Engine
2025-12-07 22:54:17,089 - main.py:337 - INFO - working with subcategory Connecting Rod Bearing with div id nav[416]
2025-12-07 22:54:18,097 - main.py:348 - INFO - actually clicking subcategory
2025-12-07 22:54:18,833 - main.py:354 - INFO - Parts loaded for Engine
2025-12-07 22:54:18,833 - main.py:337 - INFO - working with subcategory Oil Pan Gasket with div id nav[417]
2025-12-07 22:54:19,842 - main.py:348 - INFO - actually clicking subcategory
2025-12-07 22:54:20,525 - main.py:354 - INFO - Parts loaded for Engine
2025-12-07 22:54:20,526 - main.py:337 - INFO - working with subcategory Valve Lifter with div id nav[418]
2025-12-07 22:54:21,536 - main.py:348 - INFO - actually clicking subcategory
2025-12-07 22:54:22,161 - main.py:354 - INFO - Parts loaded for Engine
2025-12-07 22:54:22,161 - main.py:337 - INFO - working with subcategory Valve Spring with div id nav[419]
2025-12-07 22:54:23,182 - main.py:348 - INFO - actually clicking subcategory
2025-12-07 22:54:23,841 - main.py:354 - INFO - Parts loaded for Engine
2025-12-07 22:54:23,841 - main.py:337 - INFO - working with subcategory Variable Valve Timing (VVT) Sprocket with div id nav[420]
2025-12-07 22:54:24,853 - main.py:348 - INFO - actually clicking subcategory
2025-12-07 22:54:25,713 - main.py:354 - INFO - Parts loaded for Engine
2025-12-07 22:54:25,713 - main.py:283 - INFO - locating and clicking category Ignition with the id of nav[363]
2025-12-07 22:54:26,722 - main.py:295 - INFO - actually clicking for a category icon of Ignition of category div element nav[363]
2025-12-07 22:54:27,647 - main.py:302 - INFO - Parts loaded for Ignition
2025-12-07 22:54:27,712 - main.py:337 - INFO - working with subcategory Ignition Coil with div id nav[440]
2025-12-07 22:54:28,721 - main.py:348 - INFO - actually clicking subcategory
2025-12-07 22:54:29,577 - main.py:354 - INFO - Parts loaded for Ignition
2025-12-07 22:54:29,577 - main.py:337 - INFO - working with subcategory Ignition Control Module (ICM) with div id nav[441]
2025-12-07 22:54:30,588 - main.py:348 - INFO - actually clicking subcategory
2025-12-07 22:54:31,484 - main.py:354 - INFO - Parts loaded for Ignition
2025-12-07 22:54:31,484 - main.py:337 - INFO - working with subcategory Spark Plug with div id nav[442]
2025-12-07 22:54:32,493 - main.py:348 - INFO - actually clicking subcategory
2025-12-07 22:54:33,676 - main.py:354 - INFO - Parts loaded for Ignition
2025-12-07 22:54:33,676 - main.py:283 - INFO - locating and clicking category Suspension with the id of nav[364]
2025-12-07 22:54:34,688 - main.py:295 - INFO - actually clicking for a category icon of Suspension of category div element nav[364]
2025-12-07 22:54:36,928 - main.py:302 - INFO - Parts loaded for Suspension
2025-12-07 22:54:36,965 - main.py:337 - INFO - working with subcategory Shock / Strut & Coil Spring Assembly with div id nav[463]
2025-12-07 22:54:38,312 - main.py:354 - INFO - Parts loaded for Suspension
2025-12-07 22:54:38,312 - main.py:283 - INFO - locating and clicking category Wiper & Washer with the id of nav[365]
2025-12-07 22:54:39,320 - main.py:295 - INFO - actually clicking for a category icon of Wiper & Washer of category div element nav[365]
2025-12-07 22:54:40,181 - main.py:302 - INFO - Parts loaded for Wiper & Washer
2025-12-07 22:54:40,280 - main.py:337 - INFO - working with subcategory Wiper Blade with div id nav[468]
2025-12-07 22:54:41,649 - main.py:354 - INFO - Parts loaded for Wiper & Washer
2025-12-07 22:54:41,650 - main.py:178 - INFO - processing model: 1300
2025-12-07 22:54:43,578 - main.py:205 - INFO - processing submodels
2025-12-07 22:54:43,593 - main.py:210 - INFO - found 1 submodels
2025-12-07 22:54:43,626 - main.py:219 - INFO - found submodel: 1.3L L4, id: nav[486]
2025-12-07 22:54:43,627 - main.py:230 - INFO - clicking submodel: 1.3L L4
2025-12-07 22:54:45,072 - main.py:247 - INFO - Parts loaded for 1.3L L4
2025-12-07 22:54:45,170 - main.py:283 - INFO - locating and clicking category Cooling System with the id of nav[488]
2025-12-07 22:54:46,179 - main.py:295 - INFO - actually clicking for a category icon of Cooling System of category div element nav[488]
2025-12-07 22:54:47,025 - main.py:302 - INFO - Parts loaded for Cooling System
2025-12-07 22:54:47,080 - main.py:337 - INFO - working with subcategory Coolant / Antifreeze with div id nav[493]
2025-12-07 22:54:48,096 - main.py:348 - INFO - actually clicking subcategory
2025-12-07 22:54:49,408 - main.py:354 - INFO - Parts loaded for Cooling System
2025-12-07 22:54:49,409 - main.py:337 - INFO - working with subcategory Cooling Fan Control Module with div id nav[494]
2025-12-07 22:54:50,424 - main.py:348 - INFO - actually clicking subcategory
2025-12-07 22:54:51,193 - main.py:354 - INFO - Parts loaded for Cooling System
2025-12-07 22:54:51,194 - main.py:283 - INFO - locating and clicking category Electrical-Bulb & Socket with the id of nav[489]
2025-12-07 22:54:52,207 - main.py:295 - INFO - actually clicking for a category icon of Electrical-Bulb & Socket of category div element nav[489]
2025-12-07 22:54:53,586 - main.py:302 - INFO - Parts loaded for Electrical-Bulb & Socket
2025-12-07 22:54:53,690 - main.py:337 - INFO - working with subcategory Headlamp Bulb with div id nav[508]
2025-12-07 22:54:54,709 - main.py:348 - INFO - actually clicking subcategory
2025-12-07 22:54:55,422 - main.py:354 - INFO - Parts loaded for Electrical-Bulb & Socket
2025-12-07 22:54:55,422 - main.py:337 - INFO - working with subcategory Headlamp Socket with div id nav[509]
2025-12-07 22:54:56,453 - main.py:348 - INFO - actually clicking subcategory
2025-12-07 22:54:57,366 - main.py:354 - INFO - Parts loaded for Electrical-Bulb & Socket
2025-12-07 22:54:57,366 - main.py:283 - INFO - locating and clicking category Ignition with the id of nav[490]
2025-12-07 22:54:58,379 - main.py:295 - INFO - actually clicking for a category icon of Ignition of category div element nav[490]
2025-12-07 22:54:59,004 - main.py:302 - INFO - Parts loaded for Ignition
2025-12-07 22:54:59,109 - main.py:337 - INFO - working with subcategory Ignition Coil with div id nav[520]
2025-12-07 22:55:00,126 - main.py:348 - INFO - actually clicking subcategory
2025-12-07 22:55:01,101 - main.py:354 - INFO - Parts loaded for Ignition
2025-12-07 22:55:01,101 - main.py:337 - INFO - working with subcategory Spark Plug with div id nav[521]
2025-12-07 22:55:02,116 - main.py:348 - INFO - actually clicking subcategory
2025-12-07 22:55:04,567 - main.py:354 - INFO - Parts loaded for Ignition
2025-12-07 22:55:04,567 - main.py:283 - INFO - locating and clicking category Wiper & Washer with the id of nav[491]
2025-12-07 22:55:05,580 - main.py:295 - INFO - actually clicking for a category icon of Wiper & Washer of category div element nav[491]
2025-12-07 22:55:06,532 - main.py:302 - INFO - Parts loaded for Wiper & Washer
2025-12-07 22:55:06,730 - main.py:337 - INFO - working with subcategory Wiper Blade with div id nav[539]
2025-12-07 22:55:08,289 - main.py:354 - INFO - Parts loaded for Wiper & Washer
2025-12-07 22:55:08,289 - main.py:178 - INFO - processing model: 2000
2025-12-07 22:55:10,132 - main.py:205 - INFO - processing submodels
2025-12-07 22:55:10,170 - main.py:210 - INFO - found 1 submodels
2025-12-07 22:55:10,233 - main.py:219 - INFO - found submodel: 1.9L L4, id: nav[564]
2025-12-07 22:55:10,234 - main.py:230 - INFO - clicking submodel: 1.9L L4
2025-12-07 22:55:11,652 - main.py:247 - INFO - Parts loaded for 1.9L L4
2025-12-07 22:55:11,868 - main.py:283 - INFO - locating and clicking category Cooling System with the id of nav[566]
2025-12-07 22:55:12,894 - main.py:295 - INFO - actually clicking for a category icon of Cooling System of category div element nav[566]
2025-12-07 22:55:13,764 - main.py:302 - INFO - Parts loaded for Cooling System
2025-12-07 22:55:13,883 - main.py:337 - INFO - working with subcategory Coolant / Antifreeze with div id nav[571]
2025-12-07 22:55:14,911 - main.py:348 - INFO - actually clicking subcategory
2025-12-07 22:55:16,178 - main.py:354 - INFO - Parts loaded for Cooling System
2025-12-07 22:55:16,179 - main.py:337 - INFO - working with subcategory Cooling Fan Control Module with div id nav[572]
2025-12-07 22:55:17,218 - main.py:348 - INFO - actually clicking subcategory
2025-12-07 22:55:17,973 - main.py:354 - INFO - Parts loaded for Cooling System
2025-12-07 22:55:17,974 - main.py:283 - INFO - locating and clicking category Ignition with the id of nav[567]
2025-12-07 22:55:18,997 - main.py:295 - INFO - actually clicking for a category icon of Ignition of category div element nav[567]
2025-12-07 22:55:19,815 - main.py:302 - INFO - Parts loaded for Ignition
2025-12-07 22:55:19,935 - main.py:337 - INFO - working with subcategory Spark Plug with div id nav[586]
2025-12-07 22:55:21,213 - main.py:354 - INFO - Parts loaded for Ignition
2025-12-07 22:55:21,213 - main.py:283 - INFO - locating and clicking category Transmission-Automatic with the id of nav[568]
2025-12-07 22:55:22,234 - main.py:295 - INFO - actually clicking for a category icon of Transmission-Automatic of category div element nav[568]
2025-12-07 22:55:23,170 - main.py:302 - INFO - Parts loaded for Transmission-Automatic
2025-12-07 22:55:23,231 - main.py:337 - INFO - working with subcategory Filter with div id nav[598]
2025-12-07 22:55:24,641 - main.py:354 - INFO - Parts loaded for Transmission-Automatic
2025-12-07 22:55:24,641 - main.py:283 - INFO - locating and clicking category Wiper & Washer with the id of nav[569]
2025-12-07 22:55:25,666 - main.py:295 - INFO - actually clicking for a category icon of Wiper & Washer of category div element nav[569]
2025-12-07 22:55:26,444 - main.py:302 - INFO - Parts loaded for Wiper & Washer
2025-12-07 22:55:26,510 - main.py:337 - INFO - working with subcategory Wiper Blade with div id nav[603]
2025-12-07 22:55:27,814 - main.py:354 - INFO - Parts loaded for Wiper & Washer
2025-12-07 22:55:27,815 - main.py:178 - INFO - processing model: SIMCA
2025-12-07 22:55:30,415 - main.py:205 - INFO - processing submodels
2025-12-07 22:55:30,441 - main.py:210 - INFO - found 2 submodels
2025-12-07 22:55:30,515 - main.py:219 - INFO - found submodel: 1.3L L4, id: nav[628]
2025-12-07 22:55:30,581 - main.py:219 - INFO - found submodel: 2.0L L4, id: nav[629]
2025-12-07 22:55:30,582 - main.py:230 - INFO - clicking submodel: 1.3L L4
2025-12-07 22:55:32,548 - main.py:247 - INFO - Parts loaded for 1.3L L4
2025-12-07 22:55:32,801 - main.py:279 - INFO - Can't find category text
2025-12-07 22:55:32,801 - main.py:283 - INFO - locating and clicking category Brake & Wheel Hub with the id of nav[631]
2025-12-07 22:55:33,826 - main.py:295 - INFO - actually clicking for a category icon of Brake & Wheel Hub of category div element nav[631]
2025-12-07 22:55:34,582 - main.py:302 - INFO - Parts loaded for Brake & Wheel Hub
2025-12-07 22:55:34,680 - main.py:337 - INFO - working with subcategory Brake Pad with div id nav[638]
2025-12-07 22:55:36,241 - main.py:354 - INFO - Parts loaded for Brake & Wheel Hub
2025-12-07 22:55:36,242 - main.py:283 - INFO - locating and clicking category Cooling System with the id of nav[632]
2025-12-07 22:55:37,267 - main.py:295 - INFO - actually clicking for a category icon of Cooling System of category div element nav[632]
2025-12-07 22:55:38,149 - main.py:302 - INFO - Parts loaded for Cooling System
2025-12-07 22:55:38,257 - main.py:337 - INFO - working with subcategory Coolant / Antifreeze with div id nav[645]
2025-12-07 22:55:39,281 - main.py:348 - INFO - actually clicking subcategory
2025-12-07 22:55:40,398 - main.py:354 - INFO - Parts loaded for Cooling System
2025-12-07 22:55:40,399 - main.py:337 - INFO - working with subcategory Cooling Fan Control Module with div id nav[646]
2025-12-07 22:55:41,417 - main.py:348 - INFO - actually clicking subcategory
2025-12-07 22:55:42,178 - main.py:354 - INFO - Parts loaded for Cooling System
2025-12-07 22:55:42,178 - main.py:283 - INFO - locating and clicking category Electrical-Bulb & Socket with the id of nav[633]
2025-12-07 22:55:43,208 - main.py:295 - INFO - actually clicking for a category icon of Electrical-Bulb & Socket of category div element nav[633]
2025-12-07 22:55:45,922 - main.py:302 - INFO - Parts loaded for Electrical-Bulb & Socket
2025-12-07 22:55:46,049 - main.py:337 - INFO - working with subcategory Headlamp Bulb with div id nav[660]
2025-12-07 22:55:47,074 - main.py:348 - INFO - actually clicking subcategory
2025-12-07 22:55:47,914 - main.py:354 - INFO - Parts loaded for Electrical-Bulb & Socket
2025-12-07 22:55:47,914 - main.py:337 - INFO - working with subcategory Headlamp Socket with div id nav[661]
2025-12-07 22:55:48,934 - main.py:348 - INFO - actually clicking subcategory
2025-12-07 22:55:49,909 - main.py:354 - INFO - Parts loaded for Electrical-Bulb & Socket
2025-12-07 22:55:49,909 - main.py:283 - INFO - locating and clicking category Ignition with the id of nav[634]
2025-12-07 22:55:50,936 - main.py:295 - INFO - actually clicking for a category icon of Ignition of category div element nav[634]
2025-12-07 22:55:51,927 - main.py:302 - INFO - Parts loaded for Ignition
2025-12-07 22:55:52,051 - main.py:337 - INFO - working with subcategory Ignition Coil with div id nav[672]
2025-12-07 22:55:53,076 - main.py:348 - INFO - actually clicking subcategory
2025-12-07 22:55:53,925 - main.py:354 - INFO - Parts loaded for Ignition
2025-12-07 22:55:53,925 - main.py:337 - INFO - working with subcategory Spark Plug with div id nav[673]
2025-12-07 22:55:54,961 - main.py:348 - INFO - actually clicking subcategory
2025-12-07 22:55:55,995 - main.py:354 - INFO - Parts loaded for Ignition
2025-12-07 22:55:55,995 - main.py:283 - INFO - locating and clicking category Wiper & Washer with the id of nav[635]
2025-12-07 22:55:57,023 - main.py:295 - INFO - actually clicking for a category icon of Wiper & Washer of category div element nav[635]
2025-12-07 22:55:58,074 - main.py:302 - INFO - Parts loaded for Wiper & Washer
2025-12-07 22:55:58,168 - main.py:337 - INFO - working with subcategory Wiper Blade with div id nav[688]
2025-12-07 22:55:59,646 - main.py:354 - INFO - Parts loaded for Wiper & Washer
2025-12-07 22:55:59,647 - main.py:230 - INFO - clicking submodel: 2.0L L4
2025-12-07 22:56:05,646 - main.py:247 - INFO - Parts loaded for 2.0L L4
2025-12-07 22:56:05,970 - main.py:283 - INFO - locating and clicking category Brake & Wheel Hub with the id of nav[711]
2025-12-07 22:56:07,002 - main.py:295 - INFO - actually clicking for a category icon of Brake & Wheel Hub of category div element nav[711]
2025-12-07 22:56:07,725 - main.py:302 - INFO - Parts loaded for Brake & Wheel Hub
2025-12-07 22:56:07,881 - main.py:337 - INFO - working with subcategory Brake Pad with div id nav[717]
2025-12-07 22:56:09,398 - main.py:354 - INFO - Parts loaded for Brake & Wheel Hub
2025-12-07 22:56:09,398 - main.py:283 - INFO - locating and clicking category Cooling System with the id of nav[712]
2025-12-07 22:56:10,428 - main.py:295 - INFO - actually clicking for a category icon of Cooling System of category div element nav[712]
2025-12-07 22:56:11,645 - main.py:302 - INFO - Parts loaded for Cooling System
2025-12-07 22:56:11,866 - main.py:337 - INFO - working with subcategory Coolant / Antifreeze with div id nav[724]
2025-12-07 22:56:12,926 - main.py:348 - INFO - actually clicking subcategory
2025-12-07 22:56:14,158 - main.py:354 - INFO - Parts loaded for Cooling System
2025-12-07 22:56:14,159 - main.py:337 - INFO - working with subcategory Cooling Fan Control Module with div id nav[725]
2025-12-07 22:56:15,189 - main.py:348 - INFO - actually clicking subcategory
2025-12-07 22:56:16,253 - main.py:354 - INFO - Parts loaded for Cooling System
2025-12-07 22:56:16,253 - main.py:283 - INFO - locating and clicking category Electrical-Bulb & Socket with the id of nav[713]
2025-12-07 22:56:17,276 - main.py:295 - INFO - actually clicking for a category icon of Electrical-Bulb & Socket of category div element nav[713]
2025-12-07 22:56:18,253 - main.py:302 - INFO - Parts loaded for Electrical-Bulb & Socket
2025-12-07 22:56:18,428 - main.py:337 - INFO - working with subcategory Headlamp Bulb with div id nav[739]
2025-12-07 22:56:19,460 - main.py:348 - INFO - actually clicking subcategory
2025-12-07 22:56:20,327 - main.py:354 - INFO - Parts loaded for Electrical-Bulb & Socket
2025-12-07 22:56:20,327 - main.py:337 - INFO - working with subcategory Headlamp Socket with div id nav[740]
2025-12-07 22:56:21,373 - main.py:348 - INFO - actually clicking subcategory
2025-12-07 22:56:22,412 - main.py:354 - INFO - Parts loaded for Electrical-Bulb & Socket
2025-12-07 22:56:22,412 - main.py:283 - INFO - locating and clicking category Ignition with the id of nav[714]
2025-12-07 22:56:23,450 - main.py:295 - INFO - actually clicking for a category icon of Ignition of category div element nav[714]
2025-12-07 22:56:24,528 - main.py:302 - INFO - Parts loaded for Ignition
2025-12-07 22:56:24,685 - main.py:337 - INFO - working with subcategory Ignition Coil with div id nav[751]
2025-12-07 22:56:25,719 - main.py:348 - INFO - actually clicking subcategory
2025-12-07 22:56:26,690 - main.py:354 - INFO - Parts loaded for Ignition
2025-12-07 22:56:26,690 - main.py:337 - INFO - working with subcategory Spark Plug with div id nav[752]
2025-12-07 22:56:27,716 - main.py:348 - INFO - actually clicking subcategory
2025-12-07 22:56:28,916 - main.py:354 - INFO - Parts loaded for Ignition
2025-12-07 22:56:28,917 - main.py:283 - INFO - locating and clicking category Wiper & Washer with the id of nav[715]
2025-12-07 22:56:29,946 - main.py:295 - INFO - actually clicking for a category icon of Wiper & Washer of category div element nav[715]
2025-12-07 22:56:31,372 - main.py:302 - INFO - Parts loaded for Wiper & Washer
2025-12-07 22:56:31,539 - main.py:337 - INFO - working with subcategory Wiper Blade with div id nav[770]
2025-12-07 22:56:32,821 - main.py:354 - INFO - Parts loaded for Wiper & Washer
2025-12-07 22:56:35,123 - main.py:146 - INFO - clicked year
2025-12-07 22:56:36,052 - main.py:158 - INFO - found 4 models
2025-12-07 22:56:36,156 - main.py:172 - INFO - added model: 1000, id: nav[793]
2025-12-07 22:56:36,269 - main.py:172 - INFO - added model: 1300, id: nav[794]
2025-12-07 22:56:36,375 - main.py:172 - INFO - added model: 2000, id: nav[795]
2025-12-07 22:56:36,520 - main.py:172 - INFO - added model: SIMCA, id: nav[796]
2025-12-07 22:56:36,520 - main.py:178 - INFO - processing model: 1000
2025-12-07 22:56:38,502 - main.py:205 - INFO - processing submodels
2025-12-07 22:56:38,545 - main.py:210 - INFO - found 1 submodels
2025-12-07 22:56:38,621 - main.py:219 - INFO - found submodel: 982cc L4, id: nav[798]
2025-12-07 22:56:38,622 - main.py:230 - INFO - clicking submodel: 982cc L4
2025-12-07 22:56:40,040 - main.py:247 - INFO - Parts loaded for 982cc L4
2025-12-07 22:56:40,447 - main.py:283 - INFO - locating and clicking category Brake & Wheel Hub with the id of nav[800]
2025-12-07 22:56:41,493 - main.py:295 - INFO - actually clicking for a category icon of Brake & Wheel Hub of category div element nav[800]
2025-12-07 22:56:42,668 - main.py:302 - INFO - Parts loaded for Brake & Wheel Hub
2025-12-07 22:56:42,892 - main.py:337 - INFO - working with subcategory Brake Pad with div id nav[806]
2025-12-07 22:56:44,555 - main.py:354 - INFO - Parts loaded for Brake & Wheel Hub
2025-12-07 22:56:44,556 - main.py:283 - INFO - locating and clicking category Cooling System with the id of nav[801]
2025-12-07 22:56:45,636 - main.py:295 - INFO - actually clicking for a category icon of Cooling System of category div element nav[801]
2025-12-07 22:56:47,015 - main.py:302 - INFO - Parts loaded for Cooling System
2025-12-07 22:56:47,259 - main.py:337 - INFO - working with subcategory Coolant / Antifreeze with div id nav[813]
2025-12-07 22:56:48,330 - main.py:348 - INFO - actually clicking subcategory
2025-12-07 22:56:49,923 - main.py:354 - INFO - Parts loaded for Cooling System
2025-12-07 22:56:49,924 - main.py:337 - INFO - working with subcategory Cooling Fan Control Module with div id nav[814]
2025-12-07 22:56:50,981 - main.py:348 - INFO - actually clicking subcategory
2025-12-07 22:56:52,249 - main.py:354 - INFO - Parts loaded for Cooling System
2025-12-07 22:56:52,250 - main.py:283 - INFO - locating and clicking category Electrical-Bulb & Socket with the id of nav[802]
2025-12-07 22:56:53,291 - main.py:295 - INFO - actually clicking for a category icon of Electrical-Bulb & Socket of category div element nav[802]
2025-12-07 22:56:54,381 - main.py:302 - INFO - Parts loaded for Electrical-Bulb & Socket
2025-12-07 22:56:54,615 - main.py:337 - INFO - working with subcategory Headlamp Bulb with div id nav[828]
2025-12-07 22:56:55,673 - main.py:348 - INFO - actually clicking subcategory
2025-12-07 22:56:57,064 - main.py:354 - INFO - Parts loaded for Electrical-Bulb & Socket
2025-12-07 22:56:57,064 - main.py:337 - INFO - working with subcategory Headlamp Socket with div id nav[829]
2025-12-07 22:56:58,104 - main.py:348 - INFO - actually clicking subcategory
2025-12-07 22:57:01,291 - main.py:354 - INFO - Parts loaded for Electrical-Bulb & Socket
2025-12-07 22:57:01,291 - main.py:283 - INFO - locating and clicking category Ignition with the id of nav[803]
2025-12-07 22:57:02,325 - main.py:295 - INFO - actually clicking for a category icon of Ignition of category div element nav[803]
2025-12-07 22:57:04,857 - main.py:302 - INFO - Parts loaded for Ignition
2025-12-07 22:57:05,094 - main.py:337 - INFO - working with subcategory Ignition Coil with div id nav[840]
2025-12-07 22:57:06,156 - main.py:348 - INFO - actually clicking subcategory
2025-12-07 22:57:07,741 - main.py:354 - INFO - Parts loaded for Ignition
2025-12-07 22:57:07,742 - main.py:337 - INFO - working with subcategory Spark Plug with div id nav[841]
2025-12-07 22:57:08,797 - main.py:348 - INFO - actually clicking subcategory
2025-12-07 22:57:10,477 - main.py:354 - INFO - Parts loaded for Ignition
2025-12-07 22:57:10,477 - main.py:283 - INFO - locating and clicking category Wiper & Washer with the id of nav[804]
2025-12-07 22:57:11,528 - main.py:295 - INFO - actually clicking for a category icon of Wiper & Washer of category div element nav[804]
2025-12-07 22:57:12,909 - main.py:302 - INFO - Parts loaded for Wiper & Washer
2025-12-07 22:57:13,635 - main.py:337 - INFO - working with subcategory Wiper Blade with div id nav[859]
2025-12-07 22:57:15,377 - main.py:354 - INFO - Parts loaded for Wiper & Washer
2025-12-07 22:57:15,378 - main.py:178 - INFO - processing model: 1300
2025-12-07 22:57:18,000 - main.py:205 - INFO - processing submodels
2025-12-07 22:57:18,032 - main.py:210 - INFO - found 1 submodels
2025-12-07 22:57:18,137 - main.py:219 - INFO - found submodel: 1.3L L4, id: nav[877]
2025-12-07 22:57:18,137 - main.py:230 - INFO - clicking submodel: 1.3L L4
2025-12-07 22:57:19,575 - main.py:247 - INFO - Parts loaded for 1.3L L4
2025-12-07 22:57:19,984 - main.py:283 - INFO - locating and clicking category Cooling System with the id of nav[879]
2025-12-07 22:57:21,034 - main.py:295 - INFO - actually clicking for a category icon of Cooling System of category div element nav[879]
2025-12-07 22:57:22,273 - main.py:302 - INFO - Parts loaded for Cooling System
2025-12-07 22:57:22,494 - main.py:337 - INFO - working with subcategory Coolant / Antifreeze with div id nav[884]
2025-12-07 22:57:23,545 - main.py:348 - INFO - actually clicking subcategory
2025-12-07 22:57:25,127 - main.py:354 - INFO - Parts loaded for Cooling System
2025-12-07 22:57:25,127 - main.py:337 - INFO - working with subcategory Cooling Fan Control Module with div id nav[885]
2025-12-07 22:57:26,206 - main.py:348 - INFO - actually clicking subcategory
2025-12-07 22:57:27,279 - main.py:354 - INFO - Parts loaded for Cooling System
2025-12-07 22:57:27,279 - main.py:283 - INFO - locating and clicking category Electrical-Bulb & Socket with the id of nav[880]
2025-12-07 22:57:28,342 - main.py:295 - INFO - actually clicking for a category icon of Electrical-Bulb & Socket of category div element nav[880]
2025-12-07 22:57:29,586 - main.py:302 - INFO - Parts loaded for Electrical-Bulb & Socket
2025-12-07 22:57:29,824 - main.py:337 - INFO - working with subcategory Headlamp Bulb with div id nav[899]
2025-12-07 22:57:30,879 - main.py:348 - INFO - actually clicking subcategory
2025-12-07 22:57:32,183 - main.py:354 - INFO - Parts loaded for Electrical-Bulb & Socket
2025-12-07 22:57:32,183 - main.py:337 - INFO - working with subcategory Headlamp Socket with div id nav[900]
2025-12-07 22:57:33,247 - main.py:348 - INFO - actually clicking subcategory
2025-12-07 22:57:34,350 - main.py:354 - INFO - Parts loaded for Electrical-Bulb & Socket
2025-12-07 22:57:34,350 - main.py:283 - INFO - locating and clicking category Ignition with the id of nav[881]
2025-12-07 22:57:35,528 - main.py:295 - INFO - actually clicking for a category icon of Ignition of category div element nav[881]
2025-12-07 22:57:38,388 - main.py:302 - INFO - Parts loaded for Ignition
2025-12-07 22:57:38,614 - main.py:337 - INFO - working with subcategory Ignition Coil with div id nav[911]
2025-12-07 22:57:39,665 - main.py:348 - INFO - actually clicking subcategory
2025-12-07 22:57:41,023 - main.py:354 - INFO - Parts loaded for Ignition
2025-12-07 22:57:41,023 - main.py:337 - INFO - working with subcategory Spark Plug with div id nav[912]
2025-12-07 22:57:42,068 - main.py:348 - INFO - actually clicking subcategory
2025-12-07 22:57:43,709 - main.py:354 - INFO - Parts loaded for Ignition
2025-12-07 22:57:43,710 - main.py:283 - INFO - locating and clicking category Wiper & Washer with the id of nav[882]
2025-12-07 22:57:44,755 - main.py:295 - INFO - actually clicking for a category icon of Wiper & Washer of category div element nav[882]
2025-12-07 22:57:45,753 - main.py:302 - INFO - Parts loaded for Wiper & Washer
2025-12-07 22:57:45,883 - main.py:337 - INFO - working with subcategory Wiper Blade with div id nav[930]
2025-12-07 22:57:47,565 - main.py:354 - INFO - Parts loaded for Wiper & Washer
2025-12-07 22:57:47,565 - main.py:178 - INFO - processing model: 2000
2025-12-07 22:57:49,995 - main.py:205 - INFO - processing submodels
2025-12-07 22:57:50,077 - main.py:210 - INFO - found 1 submodels
2025-12-07 22:57:50,224 - main.py:219 - INFO - found submodel: 1.9L L4, id: nav[955]
2025-12-07 22:57:50,224 - main.py:230 - INFO - clicking submodel: 1.9L L4
2025-12-07 22:57:51,754 - main.py:247 - INFO - Parts loaded for 1.9L L4
2025-12-07 22:57:52,401 - main.py:283 - INFO - locating and clicking category Cooling System with the id of nav[957]
2025-12-07 22:57:53,518 - main.py:295 - INFO - actually clicking for a category icon of Cooling System of category div element nav[957]
2025-12-07 22:57:55,054 - main.py:302 - INFO - Parts loaded for Cooling System
2025-12-07 22:57:55,319 - main.py:337 - INFO - working with subcategory Coolant / Antifreeze with div id nav[962]
2025-12-07 22:57:56,376 - main.py:348 - INFO - actually clicking subcategory
2025-12-07 22:57:57,945 - main.py:354 - INFO - Parts loaded for Cooling System
2025-12-07 22:57:57,946 - main.py:337 - INFO - working with subcategory Cooling Fan Control Module with div id nav[963]
2025-12-07 22:57:58,983 - main.py:348 - INFO - actually clicking subcategory
2025-12-07 22:58:00,156 - main.py:354 - INFO - Parts loaded for Cooling System
2025-12-07 22:58:00,156 - main.py:283 - INFO - locating and clicking category Ignition with the id of nav[958]
2025-12-07 22:58:01,206 - main.py:295 - INFO - actually clicking for a category icon of Ignition of category div element nav[958]
2025-12-07 22:58:03,167 - main.py:302 - INFO - Parts loaded for Ignition
2025-12-07 22:58:03,314 - main.py:337 - INFO - working with subcategory Spark Plug with div id nav[977]
2025-12-07 22:58:04,926 - main.py:354 - INFO - Parts loaded for Ignition
2025-12-07 22:58:04,926 - main.py:283 - INFO - locating and clicking category Transmission-Automatic with the id of nav[959]
2025-12-07 22:58:05,964 - main.py:295 - INFO - actually clicking for a category icon of Transmission-Automatic of category div element nav[959]
2025-12-07 22:58:07,181 - main.py:302 - INFO - Parts loaded for Transmission-Automatic
2025-12-07 22:58:07,311 - main.py:337 - INFO - working with subcategory Filter with div id nav[989]
2025-12-07 22:58:08,891 - main.py:354 - INFO - Parts loaded for Transmission-Automatic
2025-12-07 22:58:08,892 - main.py:283 - INFO - locating and clicking category Wiper & Washer with the id of nav[960]
2025-12-07 22:58:09,936 - main.py:295 - INFO - actually clicking for a category icon of Wiper & Washer of category div element nav[960]
2025-12-07 22:58:11,081 - main.py:302 - INFO - Parts loaded for Wiper & Washer
